HOLAAAAAAA
CREEO EL SOCKET
Recibo solicitud
envio size: 10
IP: 1
Puerto: 7200
Envie a puerto: 7200
Enviando paquete 1 de 10
IP: 1
Puerto: 7200
Enviando paquete 2 de 10
IP: 1
Puerto: 7200
Enviando paquete 3 de 10
IP: 1
Puerto: 7200
Enviando paquete 4 de 10
IP: 1
Puerto: 7200
Enviando paquete 5 de 10
IP: 1
Puerto: 7200
Enviando paquete 6 de 10
IP: 1
Puerto: 7200
Enviando paquete 7 de 10
IP: 1
Puerto: 7200
Enviando paquete 8 de 10
IP: 1
Puerto: 7200
Enviando paquete 9 de 10
IP: 1
Puerto: 7200
Enviando paquete 10 de 10
IP: 1
Puerto: 7200
Termine de enviar paquetes
HOLAAAAAAA
CREEO EL SOCKET
Recibo solicitud
envio size: 10
IP: 1
Puerto: 7200
Envie a puerto: 7200
Enviando paquete 1 de 10
IP: 1
Puerto: 7200
Enviando paquete 2 de 10
IP: 1
Puerto: 7200
Enviando paquete 3 de 10
IP: 1
Puerto: 7200
Enviando paquete 4 de 10
IP: 1
Puerto: 7200
Enviando paquete 5 de 10
IP: 1
Puerto: 7200
Enviando paquete 6 de 10
IP: 1
Puerto: 7200
Enviando paquete 7 de 10
IP: 1
Puerto: 7200
Enviando paquete 8 de 10
IP: 1
Puerto: 7200
Enviando paquete 9 de 10
IP: 1
Puerto: 7200
Enviando paquete 10 de 10
IP: 1
Puerto: 7200
Termine de enviar paquetes
HOLAAAAAAA
CREEO EL SOCKET
